<?xml version="1.0" encoding="UTF-8"?>
<!-- Generated by org.testng.reporters.JUnitReportReporter -->
<testsuite hostname="AQMIT-LPT-11081" failures="0" tests="1" name="TestLauncher.TestRunner" time="18.118" errors="0" timestamp="2023-05-26T15:54:52 IST" skipped="0">
  <testcase classname="TestLauncher.TestRunner" name="runScenario" time="18.118"/>
  <system-out/>
</testsuite> <!-- TestLauncher.TestRunner -->
